[0227/190213.342:ERROR:crash_report_database_win.cc(469)] failed to stat report
[0227/190213.343:ERROR:crash_report_database_win.cc(469)] failed to stat report
[0227/190213.343:ERROR:crash_report_database_win.cc(469)] failed to stat report
[0227/190213.344:ERROR:crash_report_database_win.cc(469)] failed to stat report
[0227/190213.344:ERROR:crash_report_database_win.cc(469)] failed to stat report
[0227/190213.344:ERROR:crash_report_database_win.cc(469)] failed to stat report
[0227/190213.344:ERROR:crash_report_database_win.cc(469)] failed to stat report
[0227/190213.344:ERROR:crash_report_database_win.cc(469)] failed to stat report
[0227/190213.344:ERROR:crash_report_database_win.cc(469)] failed to stat report
[0227/190213.344:ERROR:crash_report_database_win.cc(469)] failed to stat report
[0227/190213.345:ERROR:crash_report_database_win.cc(469)] failed to stat report
[0227/190213.345:ERROR:crash_report_database_win.cc(469)] failed to stat report
[0227/190213.345:ERROR:crash_report_database_win.cc(469)] failed to stat report
[0227/190213.345:ERROR:crash_report_database_win.cc(469)] failed to stat report
[0227/190213.345:ERROR:crash_report_database_win.cc(469)] failed to stat report
[0227/190213.345:ERROR:crash_report_database_win.cc(469)] failed to stat report
[0227/190213.345:ERROR:crash_report_database_win.cc(469)] failed to stat report
[0227/190213.345:ERROR:crash_report_database_win.cc(469)] failed to stat report
[0227/190213.345:ERROR:crash_report_database_win.cc(469)] failed to stat report
[0227/190213.346:ERROR:crash_report_database_win.cc(469)] failed to stat report
[0227/190213.346:ERROR:crash_report_database_win.cc(469)] failed to stat report
[0227/190213.346:ERROR:crash_report_database_win.cc(469)] failed to stat report
[0227/190213.346:ERROR:crash_report_database_win.cc(469)] failed to stat report
[0227/190213.346:ERROR:crash_report_database_win.cc(469)] failed to stat report
[0227/190213.346:ERROR:crash_report_database_win.cc(469)] failed to stat report
[0227/190213.346:ERROR:crash_report_database_win.cc(469)] failed to stat report
[0227/190213.346:ERROR:crash_report_database_win.cc(469)] failed to stat report
[0227/190213.346:ERROR:crash_report_database_win.cc(469)] failed to stat report
[0227/190213.346:ERROR:crash_report_database_win.cc(469)] failed to stat report
[0227/190213.346:ERROR:crash_report_database_win.cc(469)] failed to stat report
[0227/190213.347:ERROR:crash_report_database_win.cc(469)] failed to stat report
[0227/190213.347:ERROR:crash_report_database_win.cc(469)] failed to stat report
[0227/190213.347:ERROR:crash_report_database_win.cc(469)] failed to stat report
[0227/190213.347:ERROR:crash_report_database_win.cc(469)] failed to stat report
[0227/190213.347:ERROR:crash_report_database_win.cc(469)] failed to stat report
[0227/190213.347:ERROR:crash_report_database_win.cc(469)] failed to stat report
[0227/190213.347:ERROR:crash_report_database_win.cc(469)] failed to stat report
[0227/190213.347:ERROR:crash_report_database_win.cc(469)] failed to stat report
[0227/190213.347:ERROR:crash_report_database_win.cc(469)] failed to stat report
[0227/190213.348:ERROR:crash_report_database_win.cc(469)] failed to stat report
[0227/190213.348:ERROR:crash_report_database_win.cc(469)] failed to stat report
[0227/190213.348:ERROR:crash_report_database_win.cc(469)] failed to stat report
[0227/190213.348:ERROR:crash_report_database_win.cc(469)] failed to stat report
[0321/054556.008:ERROR:crash_report_database_win.cc(469)] failed to stat report
[0321/054556.008:ERROR:crash_report_database_win.cc(469)] failed to stat report
[0321/054556.008:ERROR:crash_report_database_win.cc(469)] failed to stat report
[0321/054556.008:ERROR:crash_report_database_win.cc(469)] failed to stat report
[0321/054556.008:ERROR:crash_report_database_win.cc(469)] failed to stat report
[0321/054556.008:ERROR:crash_report_database_win.cc(469)] failed to stat report
[0321/054556.008:ERROR:crash_report_database_win.cc(469)] failed to stat report
[0321/054556.008:ERROR:crash_report_database_win.cc(469)] failed to stat report
[0321/054556.008:ERROR:crash_report_database_win.cc(469)] failed to stat report
[0321/054556.008:ERROR:crash_report_database_win.cc(469)] failed to stat report
[0321/054556.008:ERROR:crash_report_database_win.cc(469)] failed to stat report
[0321/054556.008:ERROR:crash_report_database_win.cc(469)] failed to stat report
[0321/054556.008:ERROR:crash_report_database_win.cc(469)] failed to stat report
[0321/054556.008:ERROR:crash_report_database_win.cc(469)] failed to stat report
[0321/054556.008:ERROR:crash_report_database_win.cc(469)] failed to stat report
[0321/054556.008:ERROR:crash_report_database_win.cc(469)] failed to stat report
[0321/054556.008:ERROR:crash_report_database_win.cc(469)] failed to stat report
[0321/054556.008:ERROR:crash_report_database_win.cc(469)] failed to stat report
[0321/054556.008:ERROR:crash_report_database_win.cc(469)] failed to stat report
[0321/054556.008:ERROR:crash_report_database_win.cc(469)] failed to stat report
[0321/054556.013:ERROR:crash_report_database_win.cc(469)] failed to stat report
[0321/054556.013:ERROR:crash_report_database_win.cc(469)] failed to stat report
[0321/054556.013:ERROR:crash_report_database_win.cc(469)] failed to stat report
[0321/054556.013:ERROR:crash_report_database_win.cc(469)] failed to stat report
[0321/054556.013:ERROR:crash_report_database_win.cc(469)] failed to stat report
[0321/054556.013:ERROR:crash_report_database_win.cc(469)] failed to stat report
[0321/054556.013:ERROR:crash_report_database_win.cc(469)] failed to stat report
[0321/054556.013:ERROR:crash_report_database_win.cc(469)] failed to stat report
[0321/054556.013:ERROR:crash_report_database_win.cc(469)] failed to stat report
[0321/054556.013:ERROR:crash_report_database_win.cc(469)] failed to stat report
[0321/054556.013:ERROR:crash_report_database_win.cc(469)] failed to stat report
[0321/054556.013:ERROR:crash_report_database_win.cc(469)] failed to stat report
[0321/054556.013:ERROR:crash_report_database_win.cc(469)] failed to stat report
[0321/054556.013:ERROR:crash_report_database_win.cc(469)] failed to stat report
[0321/054556.013:ERROR:crash_report_database_win.cc(469)] failed to stat report
[0321/054556.013:ERROR:crash_report_database_win.cc(469)] failed to stat report
[0321/054556.013:ERROR:crash_report_database_win.cc(469)] failed to stat report
[0321/054556.013:ERROR:crash_report_database_win.cc(469)] failed to stat report
[0321/054556.013:ERROR:crash_report_database_win.cc(469)] failed to stat report
[0321/054556.013:ERROR:crash_report_database_win.cc(469)] failed to stat report
[0321/054556.013:ERROR:crash_report_database_win.cc(469)] failed to stat report
[0321/054556.013:ERROR:crash_report_database_win.cc(469)] failed to stat report
[0321/054556.013:ERROR:crash_report_database_win.cc(469)] failed to stat report
[1027/021918.129:ERROR:directory_reader_win.cc(43)] FindFirstFile: Le chemin d’accès spécifié est introuvable. (0x3)
[1027/041544.991:ERROR:process_reader_win.cc(151)] SuspendThread: Accès refusé. (0x5)
[1027/041544.991:ERROR:process_reader_win.cc(151)] SuspendThread: Accès refusé. (0x5)
[1027/041544.999:ERROR:process_reader_win.cc(151)] SuspendThread: Accès refusé. (0x5)
[1027/041544.999:ERROR:process_reader_win.cc(151)] SuspendThread: Accès refusé. (0x5)
[1027/041544.999:ERROR:process_reader_win.cc(151)] SuspendThread: Accès refusé. (0x5)
[1027/041544.999:ERROR:process_reader_win.cc(151)] SuspendThread: Accès refusé. (0x5)
[1027/041544.999:ERROR:process_reader_win.cc(151)] SuspendThread: Accès refusé. (0x5)
[1027/041544.999:ERROR:process_reader_win.cc(151)] SuspendThread: Accès refusé. (0x5)
[1027/041544.999:ERROR:process_reader_win.cc(151)] SuspendThread: Accès refusé. (0x5)
[1027/041544.999:ERROR:process_reader_win.cc(151)] SuspendThread: Accès refusé. (0x5)
[1027/041544.999:ERROR:process_reader_win.cc(151)] SuspendThread: Accès refusé. (0x5)
[1027/041544.999:ERROR:process_reader_win.cc(151)] SuspendThread: Accès refusé. (0x5)
[1027/041544.999:ERROR:process_reader_win.cc(151)] SuspendThread: Accès refusé. (0x5)
[1027/041544.999:ERROR:process_reader_win.cc(151)] SuspendThread: Accès refusé. (0x5)
[1027/041545.005:ERROR:process_reader_win.cc(151)] SuspendThread: Accès refusé. (0x5)
[1027/041545.005:ERROR:process_reader_win.cc(151)] SuspendThread: Accès refusé. (0x5)
[1027/041545.005:ERROR:process_reader_win.cc(151)] SuspendThread: Accès refusé. (0x5)
[1027/041545.005:ERROR:process_reader_win.cc(151)] SuspendThread: Accès refusé. (0x5)
[1027/041545.005:ERROR:process_reader_win.cc(151)] SuspendThread: Accès refusé. (0x5)
[1027/041545.005:ERROR:process_reader_win.cc(151)] SuspendThread: Accès refusé. (0x5)
[1027/041545.006:ERROR:process_reader_win.cc(151)] SuspendThread: Accès refusé. (0x5)
[1027/041545.006:ERROR:process_reader_win.cc(151)] SuspendThread: Accès refusé. (0x5)
[1027/041545.006:ERROR:process_reader_win.cc(151)] SuspendThread: Accès refusé. (0x5)
[1027/041545.006:ERROR:process_reader_win.cc(151)] SuspendThread: Accès refusé. (0x5)
[1027/041545.006:ERROR:process_reader_win.cc(151)] SuspendThread: Accès refusé. (0x5)
[1027/041545.006:ERROR:process_reader_win.cc(151)] SuspendThread: Accès refusé. (0x5)
[1027/041545.006:ERROR:process_reader_win.cc(123)] NtOpenThread: {Accès refusé} Un processus a demandé l’accès a un objet, mais il ne bénéficie pas des autorisations nécessaires. (0xc0000022)
[1027/041545.013:ERROR:exception_snapshot_win.cc(99)] thread ID 2356 not found in process
[1027/041544.992:ERROR:process_reader_win.cc(123)] NtOpenThread: {Accès refusé} Un processus a demandé l’accès a un objet, mais il ne bénéficie pas des autorisations nécessaires. (0xc0000022)
[1027/041545.013:ERROR:exception_snapshot_win.cc(99)] thread ID 2792 not found in process
[1027/041544.999:ERROR:process_reader_win.cc(123)] NtOpenThread: {Accès refusé} Un processus a demandé l’accès a un objet, mais il ne bénéficie pas des autorisations nécessaires. (0xc0000022)
[1027/041545.016:ERROR:exception_snapshot_win.cc(99)] thread ID 5928 not found in process
[1027/041545.017:ERROR:process_reader_win.cc(123)] NtOpenThread: {Accès refusé} Un processus a demandé l’accès a un objet, mais il ne bénéficie pas des autorisations nécessaires. (0xc0000022)
[1027/041545.017:ERROR:exception_snapshot_win.cc(99)] thread ID 892 not found in process
[1027/041545.034:ERROR:process_reader_win.cc(123)] NtOpenThread: {Accès refusé} Un processus a demandé l’accès a un objet, mais il ne bénéficie pas des autorisations nécessaires. (0xc0000022)
[1027/041545.034:ERROR:exception_snapshot_win.cc(99)] thread ID 3708 not found in process
[1027/041545.034:ERROR:process_reader_win.cc(123)] NtOpenThread: {Accès refusé} Un processus a demandé l’accès a un objet, mais il ne bénéficie pas des autorisations nécessaires. (0xc0000022)
[1027/041545.034:ERROR:exception_snapshot_win.cc(99)] thread ID 3320 not found in process
[1027/084125.605:ERROR:directory_reader_win.cc(43)] FindFirstFile: Le chemin d’accès spécifié est introuvable. (0x3)
[0924/104012.764:ERROR:directory_reader_win.cc(43)] FindFirstFile: Le chemin d’accès spécifié est introuvable. (0x3)
[1030/040916.526:ERROR:directory_reader_win.cc(43)] FindFirstFile: Le chemin d’accès spécifié est introuvable. (0x3)
[1030/080404.851:ERROR:process_info.cc(329)] VirtualQueryEx: Accès refusé. (0x5)
[1030/080404.851:ERROR:process_info.cc(556)] ReadMemoryInfo failed
[1030/194204.126:ERROR:directory_reader_win.cc(43)] FindFirstFile: Le chemin d’accès spécifié est introuvable. (0x3)
[1031/140505.640:ERROR:directory_reader_win.cc(43)] FindFirstFile: Le chemin d’accès spécifié est introuvable. (0x3)
[1101/000252.036:ERROR:directory_reader_win.cc(43)] FindFirstFile: Le chemin d’accès spécifié est introuvable. (0x3)
[1101/014602.118:ERROR:process_reader_win.cc(123)] NtOpenThread: {Accès refusé} Un processus a demandé l’accès a un objet, mais il ne bénéficie pas des autorisations nécessaires. (0xc0000022)
[1101/014602.085:ERROR:process_reader_win.cc(123)] NtOpenThread: {Accès refusé} Un processus a demandé l’accès a un objet, mais il ne bénéficie pas des autorisations nécessaires. (0xc0000022)
[1101/014602.115:ERROR:process_reader_win.cc(123)] NtOpenThread: {Accès refusé} Un processus a demandé l’accès a un objet, mais il ne bénéficie pas des autorisations nécessaires. (0xc0000022)
[1101/014602.096:ERROR:process_reader_win.cc(123)] NtOpenThread: {Accès refusé} Un processus a demandé l’accès a un objet, mais il ne bénéficie pas des autorisations nécessaires. (0xc0000022)
[1101/014602.079:ERROR:process_reader_win.cc(123)] NtOpenThread: {Accès refusé} Un processus a demandé l’accès a un objet, mais il ne bénéficie pas des autorisations nécessaires. (0xc0000022)
[1101/014602.206:ERROR:exception_snapshot_win.cc(99)] thread ID 6756 not found in process
[1101/014602.206:ERROR:exception_snapshot_win.cc(99)] thread ID 3368 not found in process
[1101/014602.206:ERROR:exception_snapshot_win.cc(99)] thread ID 4200 not found in process
[1101/014602.206:ERROR:exception_snapshot_win.cc(99)] thread ID 160 not found in process
[1101/014602.129:ERROR:process_reader_win.cc(123)] NtOpenThread: {Accès refusé} Un processus a demandé l’accès a un objet, mais il ne bénéficie pas des autorisations nécessaires. (0xc0000022)
[1101/014602.206:ERROR:exception_snapshot_win.cc(99)] thread ID 6076 not found in process
[1101/014602.115:ERROR:process_reader_win.cc(123)] NtOpenThread: {Accès refusé} Un processus a demandé l’accès a un objet, mais il ne bénéficie pas des autorisations nécessaires. (0xc0000022)
[1101/014602.207:ERROR:exception_snapshot_win.cc(99)] thread ID 5156 not found in process
[1101/014602.207:ERROR:exception_snapshot_win.cc(99)] thread ID 8780 not found in process
